2026-03-05 14:19:40 [restartedMain] INFO  c.a.AihealthdietApplication - Starting AihealthdietApplication using Java 21.0.10 with PID 54108 (C:\Users\ASUS\Desktop\aihealthdiet\aihealthdiet-backend\target\classes started by ASUS in C:\Users\ASUS\Desktop\aihealthdiet\aihealthdiet-backend)
2026-03-05 14:19:40 [restartedMain] DEBUG c.a.AihealthdietApplication - Running with Spring Boot v3.2.4, Spring v6.1.5
2026-03-05 14:19:40 [restartedMain] INFO  c.a.AihealthdietApplication - No active profile set, falling back to 1 default profile: "default"
2026-03-05 14:19:40 [restartedMain] INFO  o.s.b.d.e.DevToolsPropertyDefaultsPostProcessor - Devtools property defaults active! Set 'spring.devtools.add-properties' to 'false' to disable
2026-03-05 14:19:40 [restartedMain] INFO  o.s.b.d.e.DevToolsPropertyDefaultsPostProcessor - For additional web related logging consider setting the 'logging.level.web' property to 'DEBUG'
2026-03-05 14:19:41 [restartedMain] INFO  o.s.d.r.c.RepositoryConfigurationDelegate - Bootstrapping Spring Data JPA repositories in DEFAULT mode.
2026-03-05 14:19:41 [restartedMain] INFO  o.s.d.r.c.RepositoryConfigurationDelegate - Finished Spring Data repository scanning in 58 ms. Found 3 JPA repository interfaces.
2026-03-05 14:19:42 [restartedMain] INFO  o.s.b.w.e.tomcat.TomcatWebServer - Tomcat initialized with port 8081 (http)
2026-03-05 14:19:42 [restartedMain] INFO  o.a.catalina.core.StandardService - Starting service [Tomcat]
2026-03-05 14:19:42 [restartedMain] INFO  o.a.catalina.core.StandardEngine - Starting Servlet engine: [Apache Tomcat/10.1.19]
2026-03-05 14:19:42 [restartedMain] INFO  o.a.c.c.C.[Tomcat].[localhost].[/] - Initializing Spring embedded WebApplicationContext
2026-03-05 14:19:42 [restartedMain] INFO  o.s.b.w.s.c.ServletWebServerApplicationContext - Root WebApplicationContext: initialization completed in 1580 ms
2026-03-05 14:19:42 [restartedMain] INFO  com.zaxxer.hikari.HikariDataSource - HikariPool-1 - Starting...
2026-03-05 14:19:42 [restartedMain] INFO  com.zaxxer.hikari.pool.HikariPool - HikariPool-1 - Added connection com.mysql.cj.jdbc.ConnectionImpl@23f926ca
2026-03-05 14:19:42 [restartedMain] INFO  com.zaxxer.hikari.HikariDataSource - HikariPool-1 - Start completed.
2026-03-05 14:19:42 [restartedMain] INFO  o.h.jpa.internal.util.LogHelper - HHH000204: Processing PersistenceUnitInfo [name: default]
2026-03-05 14:19:42 [restartedMain] INFO  org.hibernate.Version - HHH000412: Hibernate ORM core version 6.4.4.Final
2026-03-05 14:19:43 [restartedMain] INFO  o.h.c.i.RegionFactoryInitiator - HHH000026: Second-level cache disabled
2026-03-05 14:19:43 [restartedMain] INFO  o.s.o.j.p.SpringPersistenceUnitInfo - No LoadTimeWeaver setup: ignoring JPA class transformer
2026-03-05 14:19:43 [restartedMain] WARN  org.hibernate.orm.deprecation - HHH90000025: MySQL8Dialect does not need to be specified explicitly using 'hibernate.dialect' (remove the property setting and it will be selected by default)
2026-03-05 14:19:43 [restartedMain] WARN  org.hibernate.orm.deprecation - HHH90000026: MySQL8Dialect has been deprecated; use org.hibernate.dialect.MySQLDialect instead
2026-03-05 14:19:44 [restartedMain] INFO  o.h.e.t.j.p.i.JtaPlatformInitiator - HHH000489: No JTA platform available (set 'hibernate.transaction.jta.platform' to enable JTA platform integration)
2026-03-05 14:19:44 [restartedMain] INFO  o.s.o.j.LocalContainerEntityManagerFactoryBean - Initialized JPA EntityManagerFactory for persistence unit 'default'
2026-03-05 14:19:45 [restartedMain] INFO  o.s.d.j.r.query.QueryEnhancerFactory - Hibernate is in classpath; If applicable, HQL parser will be used.
2026-03-05 14:19:45 [restartedMain] WARN  o.s.b.a.o.j.JpaBaseConfiguration$JpaWebConfiguration - spring.jpa.open-in-view is enabled by default. Therefore, database queries may be performed during view rendering. Explicitly configure spring.jpa.open-in-view to disable this warning
2026-03-05 14:19:46 [restartedMain] INFO  o.s.s.web.DefaultSecurityFilterChain - Will secure any request with [org.springframework.security.web.session.DisableEncodeUrlFilter@34bbe908, org.springframework.security.web.context.request.async.WebAsyncManagerIntegrationFilter@5b4e651, org.springframework.security.web.context.SecurityContextHolderFilter@7404b14a, org.springframework.security.web.header.HeaderWriterFilter@1e8254ee, org.springframework.web.filter.CorsFilter@2fabbb81, org.springframework.security.web.csrf.CsrfFilter@583ec492, org.springframework.security.web.authentication.logout.LogoutFilter@5b5c8ed3, org.springframework.security.web.authentication.UsernamePasswordAuthenticationFilter@4e6f7852, org.springframework.security.web.authentication.ui.DefaultLoginPageGeneratingFilter@25627bbd, org.springframework.security.web.authentication.ui.DefaultLogoutPageGeneratingFilter@2ef9ec8b, org.springframework.security.web.authentication.www.BasicAuthenticationFilter@3ec1fff9, org.springframework.security.web.savedrequest.RequestCacheAwareFilter@23167417, org.springframework.security.web.servletapi.SecurityContextHolderAwareRequestFilter@5b804afc, org.springframework.security.web.authentication.AnonymousAuthenticationFilter@45e1a3f5, org.springframework.security.web.access.ExceptionTranslationFilter@7b8ea0b3, org.springframework.security.web.access.intercept.AuthorizationFilter@7200f6f4]
2026-03-05 14:19:46 [restartedMain] INFO  o.s.b.d.a.OptionalLiveReloadServer - LiveReload server is running on port 35729
2026-03-05 14:19:46 [restartedMain] INFO  o.s.b.w.e.tomcat.TomcatWebServer - Tomcat started on port 8081 (http) with context path ''
2026-03-05 14:19:46 [restartedMain] INFO  c.a.AihealthdietApplication - Started AihealthdietApplication in 6.087 seconds (process running for 7.128)
2026-03-05 19:46:31 [http-nio-8081-exec-1] INFO  o.a.c.c.C.[Tomcat].[localhost].[/] - Initializing Spring DispatcherServlet 'dispatcherServlet'
2026-03-05 19:46:31 [http-nio-8081-exec-1] INFO  o.s.web.servlet.DispatcherServlet - Initializing Servlet 'dispatcherServlet'
2026-03-05 19:46:31 [http-nio-8081-exec-1] INFO  o.s.web.servlet.DispatcherServlet - Completed initialization in 3 ms
2026-03-05 21:20:48 [SpringApplicationShutdownHook] INFO  o.s.o.j.LocalContainerEntityManagerFactoryBean - Closing JPA EntityManagerFactory for persistence unit 'default'
2026-03-05 21:20:48 [SpringApplicationShutdownHook] INFO  com.zaxxer.hikari.HikariDataSource - HikariPool-1 - Shutdown initiated...
2026-03-05 21:20:48 [SpringApplicationShutdownHook] INFO  com.zaxxer.hikari.HikariDataSource - HikariPool-1 - Shutdown completed.
